# JRE version: OpenJDK Runtime Environment Temurin-17.0.6+10 (17.0.6+10) (build 17.0.6+10)
# Java VM: OpenJDK 64-Bit Server VM Temurin-17.0.6+10 (17.0.6+10, mixed mode, tiered, compressed oops, compressed class ptrs, g1 gc, windows-amd64)
GC Precious Log:
 CPUs: 4 total, 4 available
 Memory: 8175M
 Large Page Support: Disabled
 NUMA Support: Disabled
 Compressed Oops: Enabled (32-bit)
 Heap Region Size: 1M
 Heap Min Capacity: 64M
 Heap Initial Capacity: 64M
 Heap Max Capacity: 1G
 Pre-touch: Disabled
 Parallel Workers: 4
 Concurrent Workers: 1
 Concurrent Refinement Workers: 4
 Periodic GC: Disabled
Heap:
 garbage-first heap   total 428032K, used 366080K [0x00000000c0000000, 0x0000000100000000)
  region size 1024K, 187 young (191488K), 22 survivors (22528K)
 Metaspace       used 65321K, committed 66688K, reserved 1114112K
  class space    used 7876K, committed 8512K, reserved 1048576K
GC Heap History (20 events):
Event: 10.698 GC heap after
{Heap after GC invocations=24 (full 0):
 garbage-first heap   total 235520K, used 112575K [0x00000000c0000000, 0x0000000100000000)
  region size 1024K, 4 young (4096K), 4 survivors (4096K)
 Metaspace       used 61656K, committed 62976K, reserved 1105920K
  class space    used 7424K, committed 8000K, reserved 1048576K
}
Event: 10.870 GC heap before
{Heap before GC invocations=25 (full 0):
 garbage-first heap   total 235520K, used 172991K [0x00000000c0000000, 0x0000000100000000)
  region size 1024K, 63 young (64512K), 4 survivors (4096K)
 Metaspace       used 61661K, committed 63040K, reserved 1105920K
  class space    used 7424K, committed 8000K, reserved 1048576K
}
Event: 10.876 GC heap after
{Heap after GC invocations=26 (full 0):
 garbage-first heap   total 235520K, used 116137K [0x00000000c0000000, 0x0000000100000000)
  region size 1024K, 8 young (8192K), 8 survivors (8192K)
 Metaspace       used 61661K, committed 63040K, reserved 1105920K
  class space    used 7424K, committed 8000K, reserved 1048576K
}
Event: 10.884 GC heap before
{Heap before GC invocations=26 (full 0):
 garbage-first heap   total 235520K, used 119209K [0x00000000c0000000, 0x0000000100000000)
  region size 1024K, 11 young (11264K), 8 survivors (8192K)
 Metaspace       used 61661K, committed 63040K, reserved 1105920K
  class space    used 7424K, committed 8000K, reserved 1048576K
}
Event: 10.888 GC heap after
{Heap after GC invocations=27 (full 0):
 garbage-first heap   total 235520K, used 116428K [0x00000000c0000000, 0x0000000100000000)
  region size 1024K, 1 young (1024K), 1 survivors (1024K)
 Metaspace       used 61661K, committed 63040K, reserved 1105920K
  class space    used 7424K, committed 8000K, reserved 1048576K
}
Event: 10.985 GC heap before
{Heap before GC invocations=27 (full 0):
 garbage-first heap   total 235520K, used 148172K [0x00000000c0000000, 0x0000000100000000)
  region size 1024K, 33 young (33792K), 1 survivors (1024K)
 Metaspace       used 61661K, committed 63040K, reserved 1105920K
  class space    used 7424K, committed 8000K, reserved 1048576K
}
Event: 10.990 GC heap after
{Heap after GC invocations=28 (full 0):
 garbage-first heap   total 397312K, used 118181K [0x00000000c0000000, 0x0000000100000000)
  region size 1024K, 3 young (3072K), 3 survivors (3072K)
 Metaspace       used 61661K, committed 63040K, reserved 1105920K
  class space    used 7424K, committed 8000K, reserved 1048576K
}
Event: 11.361 GC heap before
{Heap before GC invocations=28 (full 0):
 garbage-first heap   total 397312K, used 247205K [0x00000000c0000000, 0x0000000100000000)
  region size 1024K, 126 young (129024K), 3 survivors (3072K)
 Metaspace       used 61661K, committed 63040K, reserved 1105920K
  class space    used 7424K, committed 8000K, reserved 1048576K
}
Event: 11.390 GC heap after
{Heap after GC invocations=29 (full 0):
 garbage-first heap   total 397312K, used 129667K [0x00000000c0000000, 0x0000000100000000)
  region size 1024K, 11 young (11264K), 11 survivors (11264K)
 Metaspace       used 61661K, committed 63040K, reserved 1105920K
  class space    used 7424K, committed 8000K, reserved 1048576K
}
Event: 11.512 GC heap before
{Heap before GC invocations=29 (full 0):
 garbage-first heap   total 397312K, used 178819K [0x00000000c0000000, 0x0000000100000000)
  region size 1024K, 60 young (61440K), 11 survivors (11264K)
 Metaspace       used 61661K, committed 63040K, reserved 1105920K
  class space    used 7424K, committed 8000K, reserved 1048576K
}
Event: 11.523 GC heap after
{Heap after GC invocations=30 (full 0):
 garbage-first heap   total 397312K, used 133249K [0x00000000c0000000, 0x0000000100000000)
  region size 1024K, 15 young (15360K), 15 survivors (15360K)
 Metaspace       used 61661K, committed 63040K, reserved 1105920K
  class space    used 7424K, committed 8000K, reserved 1048576K
}
Event: 12.152 GC heap before
{Heap before GC invocations=31 (full 0):
 garbage-first heap   total 397312K, used 296065K [0x00000000c0000000, 0x0000000100000000)
  region size 1024K, 181 young (185344K), 15 survivors (15360K)
 Metaspace       used 61661K, committed 63040K, reserved 1105920K
  class space    used 7424K, committed 8000K, reserved 1048576K
}
Event: 12.180 GC heap after
{Heap after GC invocations=32 (full 0):
 garbage-first heap   total 397312K, used 137500K [0x00000000c0000000, 0x0000000100000000)
  region size 1024K, 23 young (23552K), 23 survivors (23552K)
 Metaspace       used 61661K, committed 63040K, reserved 1105920K
  class space    used 7424K, committed 8000K, reserved 1048576K
}
Event: 12.186 GC heap before
{Heap before GC invocations=32 (full 0):
 garbage-first heap   total 397312K, used 138524K [0x00000000c0000000, 0x0000000100000000)
  region size 1024K, 24 young (24576K), 23 survivors (23552K)
 Metaspace       used 61661K, committed 63040K, reserved 1105920K
  class space    used 7424K, committed 8000K, reserved 1048576K
}
Event: 12.234 GC heap after
{Heap after GC invocations=33 (full 0):
 garbage-first heap   total 397312K, used 135767K [0x00000000c0000000, 0x0000000100000000)
  region size 1024K, 2 young (2048K), 2 survivors (2048K)
 Metaspace       used 61661K, committed 63040K, reserved 1105920K
  class space    used 7424K, committed 8000K, reserved 1048576K
}
Event: 12.780 GC heap before
{Heap before GC invocations=33 (full 0):
 garbage-first heap   total 397312K, used 306775K [0x00000000c0000000, 0x0000000100000000)
  region size 1024K, 169 young (173056K), 2 survivors (2048K)
 Metaspace       used 63520K, committed 64960K, reserved 1105920K
  class space    used 7641K, committed 8320K, reserved 1048576K
}
Event: 12.791 GC heap after
{Heap after GC invocations=34 (full 0):
 garbage-first heap   total 397312K, used 146007K [0x00000000c0000000, 0x0000000100000000)
  region size 1024K, 12 young (12288K), 12 survivors (12288K)
 Metaspace       used 63520K, committed 64960K, reserved 1105920K
  class space    used 7641K, committed 8320K, reserved 1048576K
}
Event: 12.873 GC heap before
{Heap before GC invocations=34 (full 0):
 garbage-first heap   total 397312K, used 181847K [0x00000000c0000000, 0x0000000100000000)
  region size 1024K, 48 young (49152K), 12 survivors (12288K)
 Metaspace       used 63520K, committed 64960K, reserved 1105920K
  class space    used 7641K, committed 8320K, reserved 1048576K
}
Event: 12.881 GC heap after
{Heap after GC invocations=35 (full 0):
 garbage-first heap   total 397312K, used 150016K [0x00000000c0000000, 0x0000000100000000)
  region size 1024K, 4 young (4096K), 4 survivors (4096K)
 Metaspace       used 63520K, committed 64960K, reserved 1105920K
  class space    used 7641K, committed 8320K, reserved 1048576K
}
Event: 13.857 GC heap before
{Heap before GC invocations=36 (full 0):
 garbage-first heap   total 397312K, used 365056K [0x00000000c0000000, 0x0000000100000000)
  region size 1024K, 169 young (173056K), 4 survivors (4096K)
 Metaspace       used 65321K, committed 66688K, reserved 1114112K
  class space    used 7876K, committed 8512K, reserved 1048576K
}

