# JRE version: OpenJDK Runtime Environment Temurin-17.0.6+10 (17.0.6+10) (build 17.0.6+10)
# Java VM: OpenJDK 64-Bit Server VM Temurin-17.0.6+10 (17.0.6+10, mixed mode, tiered, compressed oops, compressed class ptrs, g1 gc, windows-amd64)
GC Precious Log:
 CPUs: 4 total, 4 available
 Memory: 8175M
 Large Page Support: Disabled
 NUMA Support: Disabled
 Compressed Oops: Enabled (32-bit)
 Heap Region Size: 1M
 Heap Min Capacity: 64M
 Heap Initial Capacity: 64M
 Heap Max Capacity: 1G
 Pre-touch: Disabled
 Parallel Workers: 4
 Concurrent Workers: 1
 Concurrent Refinement Workers: 4
 Periodic GC: Disabled
Heap:
 garbage-first heap   total 301056K, used 125265K [0x00000000c0000000, 0x0000000100000000)
  region size 1024K, 2 young (2048K), 2 survivors (2048K)
 Metaspace       used 61610K, committed 62976K, reserved 1105920K
  class space    used 7424K, committed 8064K, reserved 1048576K
GC Heap History (20 events):
Event: 12.589 GC heap after
{Heap after GC invocations=26 (full 0):
 garbage-first heap   total 193536K, used 94190K [0x00000000c0000000, 0x0000000100000000)
  region size 1024K, 6 young (6144K), 6 survivors (6144K)
 Metaspace       used 61597K, committed 62976K, reserved 1105920K
  class space    used 7424K, committed 8064K, reserved 1048576K
}
Event: 12.591 GC heap before
{Heap before GC invocations=26 (full 0):
 garbage-first heap   total 193536K, used 94190K [0x00000000c0000000, 0x0000000100000000)
  region size 1024K, 7 young (7168K), 6 survivors (6144K)
 Metaspace       used 61597K, committed 62976K, reserved 1105920K
  class space    used 7424K, committed 8064K, reserved 1048576K
}
Event: 12.610 GC heap after
{Heap after GC invocations=27 (full 0):
 garbage-first heap   total 193536K, used 95313K [0x00000000c0000000, 0x0000000100000000)
  region size 1024K, 1 young (1024K), 1 survivors (1024K)
 Metaspace       used 61597K, committed 62976K, reserved 1105920K
  class space    used 7424K, committed 8064K, reserved 1048576K
}
Event: 12.778 GC heap before
{Heap before GC invocations=27 (full 0):
 garbage-first heap   total 208896K, used 137297K [0x00000000c0000000, 0x0000000100000000)
  region size 1024K, 41 young (41984K), 1 survivors (1024K)
 Metaspace       used 61607K, committed 62976K, reserved 1105920K
  class space    used 7424K, committed 8064K, reserved 1048576K
}
Event: 12.799 GC heap after
{Heap after GC invocations=28 (full 0):
 garbage-first heap   total 208896K, used 108825K [0x00000000c0000000, 0x0000000100000000)
  region size 1024K, 6 young (6144K), 6 survivors (6144K)
 Metaspace       used 61607K, committed 62976K, reserved 1105920K
  class space    used 7424K, committed 8064K, reserved 1048576K
}
Event: 12.913 GC heap before
{Heap before GC invocations=29 (full 0):
 garbage-first heap   total 208896K, used 147737K [0x00000000c0000000, 0x0000000100000000)
  region size 1024K, 44 young (45056K), 6 survivors (6144K)
 Metaspace       used 61607K, committed 62976K, reserved 1105920K
  class space    used 7424K, committed 8064K, reserved 1048576K
}
Event: 12.922 GC heap after
{Heap after GC invocations=30 (full 0):
 garbage-first heap   total 208896K, used 112521K [0x00000000c0000000, 0x0000000100000000)
  region size 1024K, 3 young (3072K), 3 survivors (3072K)
 Metaspace       used 61607K, committed 62976K, reserved 1105920K
  class space    used 7424K, committed 8064K, reserved 1048576K
}
Event: 12.941 GC heap before
{Heap before GC invocations=30 (full 0):
 garbage-first heap   total 208896K, used 119689K [0x00000000c0000000, 0x0000000100000000)
  region size 1024K, 10 young (10240K), 3 survivors (3072K)
 Metaspace       used 61610K, committed 62976K, reserved 1105920K
  class space    used 7424K, committed 8064K, reserved 1048576K
}
Event: 12.945 GC heap after
{Heap after GC invocations=31 (full 0):
 garbage-first heap   total 286720K, used 111817K [0x00000000c0000000, 0x0000000100000000)
  region size 1024K, 1 young (1024K), 1 survivors (1024K)
 Metaspace       used 61610K, committed 62976K, reserved 1105920K
  class space    used 7424K, committed 8064K, reserved 1048576K
}
Event: 13.134 GC heap before
{Heap before GC invocations=31 (full 0):
 garbage-first heap   total 286720K, used 169161K [0x00000000c0000000, 0x0000000100000000)
  region size 1024K, 58 young (59392K), 1 survivors (1024K)
 Metaspace       used 61610K, committed 62976K, reserved 1105920K
  class space    used 7424K, committed 8064K, reserved 1048576K
}
Event: 13.139 GC heap after
{Heap after GC invocations=32 (full 0):
 garbage-first heap   total 286720K, used 116494K [0x00000000c0000000, 0x0000000100000000)
  region size 1024K, 6 young (6144K), 6 survivors (6144K)
 Metaspace       used 61610K, committed 62976K, reserved 1105920K
  class space    used 7424K, committed 8064K, reserved 1048576K
}
Event: 13.363 GC heap before
{Heap before GC invocations=33 (full 0):
 garbage-first heap   total 286720K, used 204558K [0x00000000c0000000, 0x0000000100000000)
  region size 1024K, 100 young (102400K), 6 survivors (6144K)
 Metaspace       used 61610K, committed 62976K, reserved 1105920K
  class space    used 7424K, committed 8064K, reserved 1048576K
}
Event: 13.371 GC heap after
{Heap after GC invocations=34 (full 0):
 garbage-first heap   total 286720K, used 114464K [0x00000000c0000000, 0x0000000100000000)
  region size 1024K, 12 young (12288K), 12 survivors (12288K)
 Metaspace       used 61610K, committed 62976K, reserved 1105920K
  class space    used 7424K, committed 8064K, reserved 1048576K
}
Event: 13.375 GC heap before
{Heap before GC invocations=34 (full 0):
 garbage-first heap   total 286720K, used 116512K [0x00000000c0000000, 0x0000000100000000)
  region size 1024K, 14 young (14336K), 12 survivors (12288K)
 Metaspace       used 61610K, committed 62976K, reserved 1105920K
  class space    used 7424K, committed 8064K, reserved 1048576K
}
Event: 13.382 GC heap after
{Heap after GC invocations=35 (full 0):
 garbage-first heap   total 286720K, used 113271K [0x00000000c0000000, 0x0000000100000000)
  region size 1024K, 1 young (1024K), 1 survivors (1024K)
 Metaspace       used 61610K, committed 62976K, reserved 1105920K
  class space    used 7424K, committed 8064K, reserved 1048576K
}
Event: 13.544 GC heap before
{Heap before GC invocations=35 (full 0):
 garbage-first heap   total 286720K, used 189047K [0x00000000c0000000, 0x0000000100000000)
  region size 1024K, 76 young (77824K), 1 survivors (1024K)
 Metaspace       used 61610K, committed 62976K, reserved 1105920K
  class space    used 7424K, committed 8064K, reserved 1048576K
}
Event: 13.549 GC heap after
{Heap after GC invocations=36 (full 0):
 garbage-first heap   total 286720K, used 117487K [0x00000000c0000000, 0x0000000100000000)
  region size 1024K, 6 young (6144K), 6 survivors (6144K)
 Metaspace       used 61610K, committed 62976K, reserved 1105920K
  class space    used 7424K, committed 8064K, reserved 1048576K
}
Event: 13.816 GC heap before
{Heap before GC invocations=37 (full 0):
 garbage-first heap   total 301056K, used 222959K [0x00000000c0000000, 0x0000000100000000)
  region size 1024K, 108 young (110592K), 6 survivors (6144K)
 Metaspace       used 61610K, committed 62976K, reserved 1105920K
  class space    used 7424K, committed 8064K, reserved 1048576K
}
Event: 13.824 GC heap after
{Heap after GC invocations=38 (full 0):
 garbage-first heap   total 301056K, used 125416K [0x00000000c0000000, 0x0000000100000000)
  region size 1024K, 12 young (12288K), 12 survivors (12288K)
 Metaspace       used 61610K, committed 62976K, reserved 1105920K
  class space    used 7424K, committed 8064K, reserved 1048576K
}
Event: 13.828 GC heap before
{Heap before GC invocations=38 (full 0):
 garbage-first heap   total 301056K, used 127464K [0x00000000c0000000, 0x0000000100000000)
  region size 1024K, 14 young (14336K), 12 survivors (12288K)
 Metaspace       used 61610K, committed 62976K, reserved 1105920K
  class space    used 7424K, committed 8064K, reserved 1048576K
}

